c:\users\user\source\repos\scythe\scythe\scythe\x64\release\scythe.pch.codeanalysis
c:\users\user\source\repos\scythe\scythe\scythe\x64\release\vc141.pdb
c:\users\user\source\repos\scythe\scythe\scythe\x64\release\scythe.pch.codeanalysisast
c:\users\user\source\repos\scythe\scythe\scythe\x64\release\stdafx.nativecodeanalysis.xml
c:\users\user\source\repos\scythe\scythe\scythe\x64\release\stdafx.obj
c:\users\user\source\repos\scythe\scythe\scythe\x64\release\scythe.nativecodeanalysis.xml
c:\users\user\source\repos\scythe\scythe\scythe\x64\release\scythe.obj
c:\users\user\source\repos\scythe\scythe\x64\release\scythe.exe
c:\users\user\source\repos\scythe\scythe\x64\release\scythe.pdb
c:\users\user\source\repos\scythe\scythe\scythe\x64\release\scythe.res
c:\users\user\source\repos\scythe\scythe\x64\release\scythe.ipdb
c:\users\user\source\repos\scythe\scythe\x64\release\scythe.iobj
c:\users\user\source\repos\scythe\scythe\scythe\x64\release\nativecodeanalysis.read.1.tlog
c:\users\user\source\repos\scythe\scythe\scythe\x64\release\vc.nativecodeanalysis.all.xml
c:\users\user\source\repos\scythe\scythe\x64\release\scythe.exe.lastcodeanalysissucceeded
c:\users\user\source\repos\scythe\scythe\scythe\x64\release\scythe.tlog\cl.command.1.tlog
c:\users\user\source\repos\scythe\scythe\scythe\x64\release\scythe.tlog\cl.read.1.tlog
c:\users\user\source\repos\scythe\scythe\scythe\x64\release\scythe.tlog\cl.write.1.tlog
c:\users\user\source\repos\scythe\scythe\scythe\x64\release\scythe.tlog\link.command.1.tlog
c:\users\user\source\repos\scythe\scythe\scythe\x64\release\scythe.tlog\link.read.1.tlog
c:\users\user\source\repos\scythe\scythe\scythe\x64\release\scythe.tlog\link.write.1.tlog
c:\users\user\source\repos\scythe\scythe\scythe\x64\release\scythe.tlog\rc.command.1.tlog
c:\users\user\source\repos\scythe\scythe\scythe\x64\release\scythe.tlog\rc.read.1.tlog
c:\users\user\source\repos\scythe\scythe\scythe\x64\release\scythe.tlog\rc.write.1.tlog
c:\users\user\source\repos\scythe\scythe\scythe\x64\release\scythe.tlog\scythe.write.1u.tlog
